SF:lib\data\model\base\api_response.dart
DA:9,0
DA:10,0
DA:11,0
DA:13,0
DA:17,0
DA:21,0
DA:22,0
DA:23,0
LF:8
LH:0
end_of_record
SF:lib\data\model\exam.dart
DA:14,0
DA:17,0
DA:22,0
DA:24,1
DA:25,3
DA:26,2
DA:27,3
DA:28,3
DA:29,3
DA:30,3
DA:31,3
DA:32,3
DA:35,0
DA:36,0
DA:37,0
DA:38,0
DA:39,0
DA:40,0
DA:41,0
DA:42,0
DA:43,0
DA:44,0
LF:22
LH:9
end_of_record
SF:lib\data\model\exam_details.dart
DA:8,2
DA:9,2
DA:10,2
DA:11,8
DA:14,0
DA:16,0
DA:17,0
DA:18,0
DA:20,0
DA:21,0
DA:22,0
DA:23,0
DA:39,1
DA:40,2
DA:41,2
DA:42,4
DA:43,2
DA:44,2
DA:45,8
DA:48,0
DA:49,0
DA:50,0
DA:51,0
DA:52,0
DA:53,0
DA:54,0
DA:55,0
DA:66,1
DA:67,2
DA:68,2
DA:72,0
DA:73,0
DA:74,0
DA:75,0
LF:34
LH:14
end_of_record
SF:lib\data\repository\quiz_repo.dart
DA:14,0
DA:19,0
DA:27,0
DA:29,0
DA:39,0
DA:41,0
DA:45,0
DA:53,0
DA:55,0
DA:65,0
DA:67,0
DA:71,0
DA:73,0
DA:75,0
DA:80,0
DA:82,0
DA:86,0
DA:92,0
DA:94,0
DA:100,0
DA:101,0
DA:104,0
DA:106,0
DA:114,0
DA:120,0
DA:125,0
DA:128,0
DA:130,0
DA:139,0
DA:142,0
DA:148,0
DA:149,0
DA:150,0
DA:153,0
DA:154,0
DA:156,0
DA:157,0
DA:160,0
DA:162,0
DA:166,0
DA:170,0
DA:174,0
DA:176,0
LF:43
LH:0
end_of_record
SF:lib\providers\quiz_provider.dart
DA:10,1
DA:22,0
DA:24,0
DA:26,0
DA:28,0
DA:30,0
DA:32,0
DA:34,0
DA:36,0
DA:38,0
DA:41,0
DA:42,0
DA:48,0
DA:50,0
DA:52,0
DA:54,0
DA:60,0
DA:62,0
DA:64,0
DA:66,0
DA:68,0
DA:75,0
DA:76,0
DA:78,0
DA:87,0
DA:89,0
DA:90,0
DA:92,0
DA:93,0
DA:94,0
DA:99,0
DA:102,0
DA:103,0
DA:107,0
DA:114,0
DA:115,0
DA:117,0
DA:126,0
DA:128,0
DA:129,0
DA:131,0
DA:132,0
DA:133,0
DA:134,0
DA:138,0
DA:141,0
DA:142,0
DA:146,0
DA:147,0
DA:148,0
DA:149,0
DA:150,0
DA:151,0
DA:152,0
DA:154,0
DA:158,0
DA:159,0
DA:161,0
DA:165,0
DA:168,0
DA:171,0
DA:172,0
DA:176,0
DA:178,0
DA:180,0
DA:184,0
DA:185,0
DA:186,0
DA:188,0
DA:191,0
DA:199,0
DA:200,0
DA:207,0
DA:208,0
DA:213,0
DA:214,0
DA:215,0
DA:218,0
DA:219,0
DA:221,0
DA:225,0
DA:226,0
DA:227,0
DA:230,0
DA:231,0
DA:233,0
DA:234,0
DA:235,0
DA:236,0
DA:238,0
DA:241,0
DA:244,0
DA:247,0
DA:248,0
DA:250,0
DA:251,0
DA:252,0
DA:256,0
DA:258,0
DA:261,0
DA:267,0
DA:268,0
DA:271,0
DA:272,0
DA:273,0
DA:275,0
DA:277,0
DA:278,0
DA:281,0
DA:282,0
DA:283,0
DA:284,0
DA:288,0
DA:289,0
DA:290,0
DA:291,0
DA:295,0
DA:296,0
DA:297,0
DA:299,0
DA:300,0
DA:301,0
DA:303,0
DA:306,0
DA:307,0
DA:308,0
DA:312,0
DA:313,0
DA:314,0
DA:315,0
DA:316,0
DA:320,0
DA:321,0
DA:322,0
DA:324,0
DA:328,0
DA:329,0
DA:330,0
LF:138
LH:1
end_of_record
SF:lib\data\datasource\remote\dio\dio_client.dart
DA:18,0
DA:24,0
DA:26,0
DA:27,0
DA:28,0
DA:29,0
DA:30,0
DA:31,0
DA:32,0
DA:34,0
DA:35,0
DA:38,0
DA:41,0
DA:49,0
DA:51,0
DA:56,0
DA:57,0
DA:58,0
DA:65,0
DA:75,0
DA:78,0
DA:84,0
DA:91,0
DA:101,0
DA:104,0
DA:110,0
DA:117,0
DA:125,0
DA:128,0
DA:132,0
LF:30
LH:0
end_of_record
SF:lib\utils\constants.dart
DA:108,0
DA:109,0
DA:110,0
DA:114,0
DA:116,0
DA:117,0
DA:118,0
DA:121,0
DA:129,0
DA:138,0
DA:148,0
DA:154,0
DA:161,0
DA:166,0
LF:14
LH:0
end_of_record
SF:lib\data\datasource\remote\dio\logging_interceptor.dart
DA:10,0
DA:12,0
DA:13,0
DA:14,0
DA:15,0
DA:18,0
DA:20,0
DA:21,0
DA:22,0
DA:23,0
DA:26,0
DA:28,0
DA:29,0
DA:30,0
LF:14
LH:0
end_of_record
SF:lib\data\datasource\remote\exception\api_error_handler.dart
DA:14,0
DA:15,0
DA:16,0
DA:17,0
DA:19,0
DA:22,0
DA:23,0
DA:24,0
DA:29,0
DA:30,0
DA:33,0
DA:37,0
DA:38,0
DA:42,0
DA:43,0
DA:46,0
DA:47,0
DA:48,0
DA:49,0
DA:50,0
DA:51,0
DA:52,0
DA:53,0
DA:54,0
DA:55,0
DA:56,0
DA:58,0
DA:59,0
DA:60,0
DA:61,0
DA:62,0
DA:63,0
DA:68,0
DA:69,0
DA:70,0
DA:75,0
DA:76,0
DA:79,0
DA:85,0
DA:86,0
LF:40
LH:0
end_of_record
SF:lib\data\model\base\error_response_model.dart
DA:6,0
DA:8,0
DA:10,0
DA:12,0
DA:14,0
DA:22,0
DA:27,0
DA:28,0
DA:31,0
DA:32,0
DA:33,0
DA:34,0
DA:36,0
DA:41,0
DA:44,0
DA:48,0
DA:49,0
DA:50,0
DA:51,0
DA:52,0
DA:54,0
DA:55,0
LF:22
LH:0
end_of_record
SF:lib\data\model\base\response_model.dart
DA:8,0
DA:9,0
DA:10,0
DA:12,0
DA:17,0
LF:5
LH:0
end_of_record
SF:lib\helper\api_data_helper.dart
DA:2,1
DA:3,1
DA:4,1
DA:5,0
DA:7,1
DA:14,1
DA:15,1
DA:16,1
DA:17,0
DA:19,1
DA:20,0
DA:22,1
DA:29,1
DA:30,1
DA:32,0
LF:15
LH:11
end_of_record
SF:lib\utils\resources\color_manger.dart
DA:46,0
DA:47,0
LF:2
LH:0
end_of_record
